
 /----------------------------------------------------------------------------\
 |  yosys -- Yosys Open SYnthesis Suite                                       |
 |  Copyright (C) 2012 - 2026  Claire Xenia Wolf <claire@yosyshq.com>         |
 |  Distributed under an ISC-like license, type "license" to see terms        |
 \----------------------------------------------------------------------------/
 Yosys 0.66 (git sha1 7f8fdfd8d7bc08c749a2a969388d3425d4f369d5, clang++ 17.0.0 -fPIC -O3)

-- Executing script file `../model/design.ys' --

1. Executing Verilog-2005 frontend: fifo.sv
Parsing formal SystemVerilog input from `fifo.sv' to AST representation.
Storing AST representation for module `$abstract\fifo'.
Successfully finished Verilog frontend.

2. Executing Verilog-2005 frontend: fifo_assertions.sv
Parsing formal SystemVerilog input from `fifo_assertions.sv' to AST representation.
Storing AST representation for module `$abstract\fifo_assertions'.
Successfully finished Verilog frontend.

3. Executing Verilog-2005 frontend: fifo_formal.sv
Parsing formal SystemVerilog input from `fifo_formal.sv' to AST representation.
Storing AST representation for module `$abstract\fifo_formal'.
Successfully finished Verilog frontend.

4. Executing PREP pass.

4.1. Executing HIERARCHY pass (managing design hierarchy).

4.2. Executing AST frontend in derive mode using pre-parsed AST for module `\fifo_formal'.
Generating RTLIL representation for module `\fifo_formal'.

4.2.1. Analyzing design hierarchy..
Top module:  \fifo_formal

4.2.2. Executing AST frontend in derive mode using pre-parsed AST for module `\fifo_assertions'.
Generating RTLIL representation for module `\fifo_assertions'.

4.2.3. Executing AST frontend in derive mode using pre-parsed AST for module `\fifo'.
Generating RTLIL representation for module `\fifo'.

4.2.4. Analyzing design hierarchy..
Top module:  \fifo_formal
Used module:     \fifo_assertions
Used module:     \fifo

4.2.5. Analyzing design hierarchy..
Top module:  \fifo_formal
Used module:     \fifo_assertions
Used module:     \fifo
Removing unused module `$abstract\fifo_formal'.
Removing unused module `$abstract\fifo_assertions'.
Removing unused module `$abstract\fifo'.
Removed 3 unused modules.
Module fifo_assertions directly or indirectly contains formal properties -> setting "keep" attribute.
Module fifo_formal directly or indirectly contains formal properties -> setting "keep" attribute.

4.3. Executing PROC pass (convert processes to netlists).

4.3.1. Executing PROC_CLEAN pass (remove empty switches from decision trees).
Cleaned up 0 empty switches.

4.3.2. Executing PROC_RMDEAD pass (remove dead branches from decision trees).
Marked 2 switch rules as full_case in process $proc$fifo.sv:21$7 in module fifo.
Removed a total of 0 dead cases.

4.3.3. Executing PROC_PRUNE pass (remove redundant assignments in processes).
Removed 0 redundant assignments.
Promoted 3 assignments to connections.

4.3.4. Executing PROC_INIT pass (extract init attributes).

4.3.5. Executing PROC_ARST pass (detect async resets in processes).

4.3.6. Executing PROC_ROM pass (convert switches to ROMs).
Converted 0 switches.
<suppressed ~4 debug messages>

4.3.7. Executing PROC_MUX pass (convert decision trees to multiplexers).
Creating decoders for process `\fifo.$proc$fifo.sv:21$7'.
     1/10: $2$memwr$\mem$fifo.sv:28$4_EN[7:0]$18
     2/10: $2$memwr$\mem$fifo.sv:28$4_DATA[7:0]$17
     3/10: $2$memwr$\mem$fifo.sv:28$4_ADDR[1:0]$16
     4/10: $1$memwr$\mem$fifo.sv:28$4_EN[7:0]$13
     5/10: $1$memwr$\mem$fifo.sv:28$4_DATA[7:0]$12
     6/10: $1$memwr$\mem$fifo.sv:28$4_ADDR[1:0]$11
     7/10: $0\count[2:0]
     8/10: $0\rd_ptr[1:0]
     9/10: $0\wr_ptr[1:0]
    10/10: $0\data_out[7:0]
Creating decoders for process `\fifo_assertions.$proc$fifo_assertions.sv:8$1'.
     1/1: $assert$fifo_assertions.sv:11$2_EN

4.3.8. Executing PROC_DLATCH pass (convert process syncs to latches).

4.3.9. Executing PROC_DFF pass (convert process syncs to FFs).
Creating register for signal `\fifo.\data_out' using process `\fifo.$proc$fifo.sv:21$7'.
  created $dff cell `$procdff$79' with positive edge clock.
Creating register for signal `\fifo.\wr_ptr' using process `\fifo.$proc$fifo.sv:21$7'.
  created $dff cell `$procdff$80' with positive edge clock.
Creating register for signal `\fifo.\rd_ptr' using process `\fifo.$proc$fifo.sv:21$7'.
  created $dff cell `$procdff$81' with positive edge clock.
Creating register for signal `\fifo.\count' using process `\fifo.$proc$fifo.sv:21$7'.
  created $dff cell `$procdff$82' with positive edge clock.
Creating register for signal `\fifo.$memwr$\mem$fifo.sv:28$4_ADDR' using process `\fifo.$proc$fifo.sv:21$7'.
  created $dff cell `$procdff$83' with positive edge clock.
Creating register for signal `\fifo.$memwr$\mem$fifo.sv:28$4_DATA' using process `\fifo.$proc$fifo.sv:21$7'.
  created $dff cell `$procdff$84' with positive edge clock.
Creating register for signal `\fifo.$memwr$\mem$fifo.sv:28$4_EN' using process `\fifo.$proc$fifo.sv:21$7'.
  created $dff cell `$procdff$85' with positive edge clock.

4.3.10. Executing PROC_MEMWR pass (convert process memory writes to cells).

4.3.11. Executing PROC_CLEAN pass (remove empty switches from decision trees).
Found and cleaned up 3 empty switches in `\fifo.$proc$fifo.sv:21$7'.
Removing empty process `fifo.$proc$fifo.sv:21$7'.
Found and cleaned up 1 empty switch in `\fifo_assertions.$proc$fifo_assertions.sv:8$1'.
Removing empty process `fifo_assertions.$proc$fifo_assertions.sv:8$1'.
Cleaned up 4 empty switches.

4.3.12. Executing OPT_EXPR pass (perform const folding).
Optimizing module fifo.
<suppressed ~1 debug messages>
Optimizing module fifo_assertions.
Optimizing module fifo_formal.

4.4. Executing FUTURE pass.

4.5. Executing OPT_EXPR pass (perform const folding).
Optimizing module fifo.
Optimizing module fifo_assertions.
Optimizing module fifo_formal.

4.6. Executing OPT_CLEAN pass (remove unused cells and wires).
Finding unused cells or wires in module \fifo..
Finding unused cells or wires in module \fifo_assertions..
Finding unused cells or wires in module \fifo_formal..
Removed 3 unused cells and 38 unused wires.
<suppressed ~5 debug messages>

4.7. Executing CHECK pass (checking for obvious problems).
Checking module fifo...
Checking module fifo_assertions...
Checking module fifo_formal...
Warning: Wire fifo_formal.\wr_en is used but has no driver.
Warning: Wire fifo_formal.\rd_en is used but has no driver.
Warning: Wire fifo_formal.\data_in [7] is used but has no driver.
Warning: Wire fifo_formal.\data_in [6] is used but has no driver.
Warning: Wire fifo_formal.\data_in [5] is used but has no driver.
Warning: Wire fifo_formal.\data_in [4] is used but has no driver.
Warning: Wire fifo_formal.\data_in [3] is used but has no driver.
Warning: Wire fifo_formal.\data_in [2] is used but has no driver.
Warning: Wire fifo_formal.\data_in [1] is used but has no driver.
Warning: Wire fifo_formal.\data_in [0] is used but has no driver.
Warning: Wire fifo_formal.\clk is used but has no driver.
Warning: Wire fifo_formal.\reset is used but has no driver.
Found and reported 12 problems.

4.8. Executing OPT pass (performing simple optimizations).

4.8.1. Executing OPT_EXPR pass (perform const folding).
Optimizing module fifo.
Optimizing module fifo_assertions.
Optimizing module fifo_formal.

4.8.2. Executing OPT_MERGE pass (detect identical cells).
Finding identical cells in module `\fifo'.
Computing hashes of 34 cells of `\fifo'.
Finding duplicate cells in `\fifo'.
Finding identical cells in module `\fifo_assertions'.
Computing hashes of 3 cells of `\fifo_assertions'.
Finding duplicate cells in `\fifo_assertions'.
Finding identical cells in module `\fifo_formal'.
Computing hashes of 2 cells of `\fifo_formal'.
Finding duplicate cells in `\fifo_formal'.
Removed a total of 0 cells.

4.8.3. Executing OPT_MUXTREE pass (detect dead branches in mux trees).
Running muxtree optimizer on module \fifo..
  Creating internal representation of mux trees.
  Evaluating internal representation of mux trees.
  Analyzing evaluation results.
    dead port 1/2 on $mux $procmux$42.
    dead port 1/2 on $mux $procmux$36.
    dead port 1/2 on $mux $procmux$30.
Running muxtree optimizer on module \fifo_assertions..
  Creating internal representation of mux trees.
  Evaluating internal representation of mux trees.
  Analyzing evaluation results.
Running muxtree optimizer on module \fifo_formal..
  Creating internal representation of mux trees.
  No muxes found in this module.
Removed 3 multiplexer ports.
<suppressed ~27 debug messages>

4.8.4. Executing OPT_REDUCE pass (consolidate $*mux and $reduce_* inputs).
  Optimizing cells in module \fifo.
    Consolidated identical input bits for $mux cell $procmux$27:
      Old ports: A=8'00000000, B=8'11111111, Y=$procmux$27_Y
      New ports: A=1'0, B=1'1, Y=$procmux$27_Y [0]
      New connections: $procmux$27_Y [7:1] = { $procmux$27_Y [0] $procmux$27_Y [0] $procmux$27_Y [0] $procmux$27_Y [0] $procmux$27_Y [0] $procmux$27_Y [0] $procmux$27_Y [0] }
  Optimizing cells in module \fifo.
    Consolidated identical input bits for $mux cell $procmux$45:
      Old ports: A=$2$memwr$\mem$fifo.sv:28$4_EN[7:0]$18, B=8'00000000, Y=$0$memwr$\mem$fifo.sv:28$4_EN[7:0]$10
      New ports: A=$procmux$27_Y [0], B=1'0, Y=$0$memwr$\mem$fifo.sv:28$4_EN[7:0]$10 [0]
      New connections: $0$memwr$\mem$fifo.sv:28$4_EN[7:0]$10 [7:1] = { $0$memwr$\mem$fifo.sv:28$4_EN[7:0]$10 [0] $0$memwr$\mem$fifo.sv:28$4_EN[7:0]$10 [0] $0$memwr$\mem$fifo.sv:28$4_EN[7:0]$10 [0] $0$memwr$\mem$fifo.sv:28$4_EN[7:0]$10 [0] $0$memwr$\mem$fifo.sv:28$4_EN[7:0]$10 [0] $0$memwr$\mem$fifo.sv:28$4_EN[7:0]$10 [0] $0$memwr$\mem$fifo.sv:28$4_EN[7:0]$10 [0] }
  Optimizing cells in module \fifo.
  Optimizing cells in module \fifo_assertions.
  Optimizing cells in module \fifo_formal.
Performed a total of 2 changes.

4.8.5. Executing OPT_MERGE pass (detect identical cells).
Finding identical cells in module `\fifo'.
Computing hashes of 31 cells of `\fifo'.
Finding duplicate cells in `\fifo'.
Finding identical cells in module `\fifo_assertions'.
Computing hashes of 3 cells of `\fifo_assertions'.
Finding duplicate cells in `\fifo_assertions'.
Finding identical cells in module `\fifo_formal'.
Computing hashes of 2 cells of `\fifo_formal'.
Finding duplicate cells in `\fifo_formal'.
Removed a total of 0 cells.

4.8.6. Executing OPT_CLEAN pass (remove unused cells and wires).
Finding unused cells or wires in module \fifo..
Finding unused cells or wires in module \fifo_assertions..
Finding unused cells or wires in module \fifo_formal..
Removed 0 unused cells and 3 unused wires.
<suppressed ~1 debug messages>

4.8.7. Executing OPT_EXPR pass (perform const folding).
Optimizing module fifo.
Optimizing module fifo_assertions.
Optimizing module fifo_formal.

4.8.8. Rerunning OPT passes. (Maybe there is more to do..)

4.8.9. Executing OPT_MUXTREE pass (detect dead branches in mux trees).
Running muxtree optimizer on module \fifo..
  Creating internal representation of mux trees.
  Evaluating internal representation of mux trees.
  Analyzing evaluation results.
Running muxtree optimizer on module \fifo_assertions..
  Creating internal representation of mux trees.
  Evaluating internal representation of mux trees.
  Analyzing evaluation results.
Running muxtree optimizer on module \fifo_formal..
  Creating internal representation of mux trees.
  No muxes found in this module.
Removed 0 multiplexer ports.
<suppressed ~24 debug messages>

4.8.10. Executing OPT_REDUCE pass (consolidate $*mux and $reduce_* inputs).
  Optimizing cells in module \fifo.
  Optimizing cells in module \fifo_assertions.
  Optimizing cells in module \fifo_formal.
Performed a total of 0 changes.

4.8.11. Executing OPT_MERGE pass (detect identical cells).
Finding identical cells in module `\fifo'.
Computing hashes of 31 cells of `\fifo'.
Finding duplicate cells in `\fifo'.
Finding identical cells in module `\fifo_assertions'.
Computing hashes of 3 cells of `\fifo_assertions'.
Finding duplicate cells in `\fifo_assertions'.
Finding identical cells in module `\fifo_formal'.
Computing hashes of 2 cells of `\fifo_formal'.
Finding duplicate cells in `\fifo_formal'.
Removed a total of 0 cells.

4.8.12. Executing OPT_CLEAN pass (remove unused cells and wires).
Finding unused cells or wires in module \fifo..
Finding unused cells or wires in module \fifo_assertions..
Finding unused cells or wires in module \fifo_formal..

4.8.13. Executing OPT_EXPR pass (perform const folding).
Optimizing module fifo.
Optimizing module fifo_assertions.
Optimizing module fifo_formal.

4.8.14. Finished fast OPT passes. (There is nothing left to do.)

4.9. Executing WREDUCE pass (reducing word size of cells).
Removed top 31 bits (of 32) from port B of cell fifo.$add$fifo.sv:29$19 ($add).
Removed top 30 bits (of 32) from port Y of cell fifo.$add$fifo.sv:29$19 ($add).
Removed top 31 bits (of 32) from port B of cell fifo.$add$fifo.sv:30$20 ($add).
Removed top 29 bits (of 32) from port Y of cell fifo.$add$fifo.sv:30$20 ($add).
Removed top 31 bits (of 32) from port B of cell fifo.$add$fifo.sv:35$24 ($add).
Removed top 30 bits (of 32) from port Y of cell fifo.$add$fifo.sv:35$24 ($add).
Removed top 31 bits (of 32) from port B of cell fifo.$sub$fifo.sv:36$25 ($sub).
Removed top 29 bits (of 32) from port Y of cell fifo.$sub$fifo.sv:36$25 ($sub).
Removed top 29 bits (of 32) from wire fifo.$add$fifo.sv:30$20_Y.
Removed top 30 bits (of 32) from wire fifo.$add$fifo.sv:29$19_Y.
Removed top 30 bits (of 32) from wire fifo.$add$fifo.sv:35$24_Y.
Removed top 29 bits (of 32) from wire fifo.$sub$fifo.sv:36$25_Y.

4.10. Executing OPT_CLEAN pass (remove unused cells and wires).
Finding unused cells or wires in module \fifo..
Finding unused cells or wires in module \fifo_assertions..
Finding unused cells or wires in module \fifo_formal..
Removed 0 unused cells and 4 unused wires.
<suppressed ~1 debug messages>

4.11. Executing MEMORY_COLLECT pass (generating $mem cells).

4.12. Executing OPT pass (performing simple optimizations).

4.12.1. Executing OPT_EXPR pass (perform const folding).
Optimizing module fifo.
Optimizing module fifo_assertions.
Optimizing module fifo_formal.

4.12.2. Executing OPT_MERGE pass (detect identical cells).
Finding identical cells in module `\fifo'.
Computing hashes of 30 cells of `\fifo'.
Finding duplicate cells in `\fifo'.
Finding identical cells in module `\fifo_assertions'.
Computing hashes of 3 cells of `\fifo_assertions'.
Finding duplicate cells in `\fifo_assertions'.
Finding identical cells in module `\fifo_formal'.
Computing hashes of 2 cells of `\fifo_formal'.
Finding duplicate cells in `\fifo_formal'.
Removed a total of 0 cells.

4.12.3. Executing OPT_CLEAN pass (remove unused cells and wires).
Finding unused cells or wires in module \fifo..
Finding unused cells or wires in module \fifo_assertions..
Finding unused cells or wires in module \fifo_formal..

4.12.4. Finished fast OPT passes.

4.13. Executing SORT pass.

4.14. Printing statistics.

=== fifo ===

        +----------Local Count, excluding submodules.
        | 
       35 wires
      149 wire bits
       11 public wires
       29 public wire bits
        8 ports
       22 port bits
       30 cells
        3   $add
        4   $dff
        1   $eq
        2   $logic_and
        3   $logic_not
        1   $mem_v2
       15   $mux
        1   $sub

=== fifo_assertions ===

        +----------Local Count, excluding submodules.
        | 
        6 wires
        6 wire bits
        4 public wires
        4 public wire bits
        4 ports
        4 port bits
        3 cells
        1   $check
        1   $logic_not
        1   $mux

=== fifo_formal ===

        +----------Local Count, excluding submodules.
        | 
        8 wires
       22 wire bits
        8 public wires
       22 public wire bits
        2 submodules
        1   fifo
        1   fifo_assertions

=== design hierarchy ===

        +----------Count including submodules.
        | 
       33 fifo_formal
       30 fifo
        3 fifo_assertions

        +----------Count including submodules.
        | 
       49 wires
      177 wire bits
       23 public wires
       55 public wire bits
       12 ports
       26 port bits
        - memories
        - memory bits
        - processes
       33 cells
        3   $add
        1   $check
        4   $dff
        1   $eq
        2   $logic_and
        4   $logic_not
        1   $mem_v2
       16   $mux
        1   $sub
        2 submodules
        1   fifo
        1   fifo_assertions

4.15. Executing CHECK pass (checking for obvious problems).
Checking module fifo...
Checking module fifo_assertions...
Checking module fifo_formal...
Warning: Wire fifo_formal.\wr_en is used but has no driver.
Warning: Wire fifo_formal.\reset is used but has no driver.
Warning: Wire fifo_formal.\rd_en is used but has no driver.
Warning: Wire fifo_formal.\data_in [7] is used but has no driver.
Warning: Wire fifo_formal.\data_in [6] is used but has no driver.
Warning: Wire fifo_formal.\data_in [5] is used but has no driver.
Warning: Wire fifo_formal.\data_in [4] is used but has no driver.
Warning: Wire fifo_formal.\data_in [3] is used but has no driver.
Warning: Wire fifo_formal.\data_in [2] is used but has no driver.
Warning: Wire fifo_formal.\data_in [1] is used but has no driver.
Warning: Wire fifo_formal.\data_in [0] is used but has no driver.
Warning: Wire fifo_formal.\clk is used but has no driver.
Found and reported 12 problems.

5. Executing HIERARCHY pass (managing design hierarchy).
Attribute `top' found on module `fifo_formal'. Setting top module to fifo_formal.

5.1. Analyzing design hierarchy..
Top module:  \fifo_formal
Used module:     \fifo
Used module:     \fifo_assertions

5.2. Analyzing design hierarchy..
Top module:  \fifo_formal
Used module:     \fifo
Used module:     \fifo_assertions
Removed 0 unused modules.
Module fifo_assertions directly or indirectly contains formal properties -> setting "keep" attribute.
Module fifo_formal directly or indirectly contains formal properties -> setting "keep" attribute.

6. Executing jny backend.

7. Executing RTLIL backend.
Output filename: ../model/design.il

Warnings: 12 unique messages, 24 total
End of script. Logfile hash: d014aa78d3, time: 0.03s, user: 0.01s, system: 0.01s, MEM: 14.22 MB peak
Yosys 0.66 (git sha1 7f8fdfd8d7bc08c749a2a969388d3425d4f369d5, clang++ 17.0.0 -fPIC -O3)
Time spent: 15% 2x hierarchy (0 sec), 14% 5x opt_clean (0 sec), ...
