
 /----------------------------------------------------------------------------\
 |  yosys -- Yosys Open SYnthesis Suite                                       |
 |  Copyright (C) 2012 - 2026  Claire Xenia Wolf <claire@yosyshq.com>         |
 |  Distributed under an ISC-like license, type "license" to see terms        |
 \----------------------------------------------------------------------------/
 Yosys 0.66 (git sha1 7f8fdfd8d7bc08c749a2a969388d3425d4f369d5, clang++ 17.0.0 -fPIC -O3)

-- Executing script file `design_prep.ys' --

1. Executing RTLIL frontend.
Input filename: design.il

2. Executing SCC pass (detecting logic loops).
Found 0 SCCs in module fifo.
Found 0 SCCs in module fifo_assertions.
Found 0 SCCs in module fifo_formal.
Found 0 SCCs.

3. Executing SIMPLEMAP pass (map simple cells to gate primitives).

4. Executing MEMORY_NORDFF pass (extracting $dff cells from memories).

5. Executing ASYNC2SYNC pass.

6. Executing OPT_CLEAN pass (remove unused cells and wires).
Finding unused cells or wires in module \fifo..
Finding unused cells or wires in module \fifo_assertions..
Finding unused cells or wires in module \fifo_formal..
Removed 3 unused cells and 3 unused wires.
<suppressed ~4 debug messages>

7. Executing FORMALFF pass.

8. Executing OPT_CLEAN pass (remove unused cells and wires).
Finding unused cells or wires in module \fifo..
Finding unused cells or wires in module \fifo_assertions..
Finding unused cells or wires in module \fifo_formal..
Removed 2 unused cells and 2 unused wires.
<suppressed ~4 debug messages>

9. Executing CHECK pass (checking for obvious problems).
Checking module fifo...
Checking module fifo_assertions...
Checking module fifo_formal...
Warning: Wire fifo_formal.\wr_en is used but has no driver.
Warning: Wire fifo_formal.\reset is used but has no driver.
Warning: Wire fifo_formal.\rd_en is used but has no driver.
Warning: Wire fifo_formal.\data_in [7] is used but has no driver.
Warning: Wire fifo_formal.\data_in [6] is used but has no driver.
Warning: Wire fifo_formal.\data_in [5] is used but has no driver.
Warning: Wire fifo_formal.\data_in [4] is used but has no driver.
Warning: Wire fifo_formal.\data_in [3] is used but has no driver.
Warning: Wire fifo_formal.\data_in [2] is used but has no driver.
Warning: Wire fifo_formal.\data_in [1] is used but has no driver.
Warning: Wire fifo_formal.\data_in [0] is used but has no driver.
Warning: Wire fifo_formal.\clk is used but has no driver.
Found and reported 12 problems.

10. Executing SETUNDEF pass (replace undef values with defined constants).

11. Executing OPT pass (performing simple optimizations).

11.1. Executing OPT_EXPR pass (perform const folding).
Optimizing module fifo.
Optimizing module fifo_assertions.
Optimizing module fifo_formal.

11.2. Executing OPT_MERGE pass (detect identical cells).
Finding identical cells in module `\fifo'.
Computing hashes of 59 cells of `\fifo'.
Finding duplicate cells in `\fifo'.
Finding identical cells in module `\fifo_assertions'.
Computing hashes of 5 cells of `\fifo_assertions'.
Finding duplicate cells in `\fifo_assertions'.
Finding identical cells in module `\fifo_formal'.
Computing hashes of 7 cells of `\fifo_formal'.
Finding duplicate cells in `\fifo_formal'.
Removed a total of 0 cells.

11.3. Executing OPT_DFF pass (perform DFF optimizations).

11.4. Executing OPT_CLEAN pass (remove unused cells and wires).
Finding unused cells or wires in module \fifo..
Finding unused cells or wires in module \fifo_assertions..
Finding unused cells or wires in module \fifo_formal..
Removed 25 unused cells and 30 unused wires.
<suppressed ~27 debug messages>

11.5. Finished fast OPT passes.

12. Executing OPT_CLEAN pass (remove unused cells and wires).
Finding unused cells or wires in module \fifo..
Finding unused cells or wires in module \fifo_assertions..
Finding unused cells or wires in module \fifo_formal..
Removed 0 unused cells and 4 unused wires.
<suppressed ~1 debug messages>

13. Executing RTLIL backend.
Output filename: ../model/design_prep.il

Warnings: 12 unique messages, 12 total
End of script. Logfile hash: af55118580, time: 0.01s, user: 0.01s, system: 0.00s, MEM: 12.66 MB peak
Yosys 0.66 (git sha1 7f8fdfd8d7bc08c749a2a969388d3425d4f369d5, clang++ 17.0.0 -fPIC -O3)
Time spent: 26% 4x opt_clean (0 sec), 15% 1x setundef (0 sec), ...
