
 /----------------------------------------------------------------------------\
 |  yosys -- Yosys Open SYnthesis Suite                                       |
 |  Copyright (C) 2012 - 2026  Claire Xenia Wolf <claire@yosyshq.com>         |
 |  Distributed under an ISC-like license, type "license" to see terms        |
 \----------------------------------------------------------------------------/
 Yosys 0.66 (git sha1 7f8fdfd8d7bc08c749a2a969388d3425d4f369d5, clang++ 17.0.0 -fPIC -O3)

-- Executing script file `design_smt2.ys' --

1. Executing RTLIL frontend.
Input filename: design_prep.il

2. Executing HIERARCHY pass (managing design hierarchy).
Attribute `top' found on module `uart_formal'. Setting top module to uart_formal.

2.1. Analyzing design hierarchy..
Top module:  \uart_formal
Used module:     \uart
Used module:     \uart_assertions

2.2. Analyzing design hierarchy..
Top module:  \uart_formal
Used module:     \uart
Used module:     \uart_assertions
Removed 0 unused modules.
Module uart_assertions directly or indirectly contains formal properties -> setting "keep" attribute.
Module uart_formal directly or indirectly contains formal properties -> setting "keep" attribute.

3. Executing FORMALFF pass.

4. Executing DFFUNMAP pass (unmap clock enable and synchronous reset from FFs).

5. Printing statistics.

=== uart ===

        +----------Local Count, excluding submodules.
        | 
        7 wires
        7 wire bits
        4 public wires
        4 public wire bits
        4 ports
        4 port bits
        5 cells
        1   $anyinit
        1   $assume
        2   $mux
        1   $not

=== uart_assertions ===

        +----------Local Count, excluding submodules.
        | 
        6 wires
        6 wire bits
        4 public wires
        4 public wire bits
        4 ports
        4 port bits
        4 cells
        1   $assert
        1   $assume
        1   $ff
        1   $not

=== uart_formal ===

        +----------Local Count, excluding submodules.
        | 
        5 wires
        5 wire bits
        4 public wires
        4 public wire bits
        5 cells
        3   $anyseq
        1   $assume
        1   $not
        2 submodules
        1   uart
        1   uart_assertions

=== design hierarchy ===

        +----------Count including submodules.
        | 
       14 uart_formal
        5 uart
        4 uart_assertions

        +----------Count including submodules.
        | 
       18 wires
       18 wire bits
       12 public wires
       12 public wire bits
        8 ports
        8 port bits
        - memories
        - memory bits
        - processes
       14 cells
        1   $anyinit
        3   $anyseq
        1   $assert
        3   $assume
        1   $ff
        2   $mux
        3   $not
        2 submodules
        1   uart
        1   uart_assertions

6. Executing SMT2 backend.

6.1. Executing BMUXMAP pass.

6.2. Executing DEMUXMAP pass.
Creating SMT-LIBv2 representation of module uart_assertions.
Creating SMT-LIBv2 representation of module uart.
Creating SMT-LIBv2 representation of module uart_formal.

End of script. Logfile hash: 6046bdd928, time: 0.00s, user: 0.00s, system: 0.00s, MEM: 11.58 MB peak
Yosys 0.66 (git sha1 7f8fdfd8d7bc08c749a2a969388d3425d4f369d5, clang++ 17.0.0 -fPIC -O3)
Time spent: 62% 2x write_smt2 (0 sec), 14% 2x read_rtlil (0 sec), ...
