
 /----------------------------------------------------------------------------\
 |  yosys -- Yosys Open SYnthesis Suite                                       |
 |  Copyright (C) 2012 - 2026  Claire Xenia Wolf <claire@yosyshq.com>         |
 |  Distributed under an ISC-like license, type "license" to see terms        |
 \----------------------------------------------------------------------------/
 Yosys 0.66 (git sha1 7f8fdfd8d7bc08c749a2a969388d3425d4f369d5, clang++ 17.0.0 -fPIC -O3)

-- Executing script file `design_prep.ys' --

1. Executing RTLIL frontend.
Input filename: design.il

2. Executing SCC pass (detecting logic loops).
Found 0 SCCs in module uart.
Found 0 SCCs in module uart_assertions.
Found 0 SCCs in module uart_formal.
Found 0 SCCs.

3. Executing SIMPLEMAP pass (map simple cells to gate primitives).

4. Executing MEMORY_NORDFF pass (extracting $dff cells from memories).

5. Executing ASYNC2SYNC pass.

6. Executing OPT_CLEAN pass (remove unused cells and wires).
Finding unused cells or wires in module \uart..
Finding unused cells or wires in module \uart_assertions..
Finding unused cells or wires in module \uart_formal..
Removed 3 unused cells and 3 unused wires.
<suppressed ~4 debug messages>

7. Executing FORMALFF pass.

8. Executing OPT_CLEAN pass (remove unused cells and wires).
Finding unused cells or wires in module \uart..
Finding unused cells or wires in module \uart_assertions..
Finding unused cells or wires in module \uart_formal..
Removed 2 unused cells and 2 unused wires.
<suppressed ~4 debug messages>

9. Executing CHECK pass (checking for obvious problems).
Checking module uart...
Checking module uart_assertions...
Checking module uart_formal...
Warning: Wire uart_formal.\tx_start is used but has no driver.
Warning: Wire uart_formal.\reset is used but has no driver.
Warning: Wire uart_formal.\clk is used but has no driver.
Found and reported 3 problems.

10. Executing SETUNDEF pass (replace undef values with defined constants).

11. Executing OPT pass (performing simple optimizations).

11.1. Executing OPT_EXPR pass (perform const folding).
Optimizing module uart.
Optimizing module uart_assertions.
Optimizing module uart_formal.

11.2. Executing OPT_MERGE pass (detect identical cells).
Finding identical cells in module `\uart'.
Computing hashes of 3 cells of `\uart'.
Finding duplicate cells in `\uart'.
Finding identical cells in module `\uart_assertions'.
Computing hashes of 3 cells of `\uart_assertions'.
Finding duplicate cells in `\uart_assertions'.
Finding identical cells in module `\uart_formal'.
Computing hashes of 5 cells of `\uart_formal'.
Finding duplicate cells in `\uart_formal'.
Removed a total of 0 cells.

11.3. Executing OPT_DFF pass (perform DFF optimizations).
Setting constant 1-bit at position 0 on $auto$async2sync.cc:118:execute$17 ($ff) from module uart_assertions.

11.4. Executing OPT_CLEAN pass (remove unused cells and wires).
Finding unused cells or wires in module \uart..
Finding unused cells or wires in module \uart_assertions..
Finding unused cells or wires in module \uart_formal..
Removed 0 unused cells and 4 unused wires.
<suppressed ~2 debug messages>

11.5. Rerunning OPT passes. (Removed registers in this run.)

11.6. Executing OPT_EXPR pass (perform const folding).
Optimizing module uart.
Optimizing module uart_assertions.
Optimizing module uart_formal.

11.7. Executing OPT_MERGE pass (detect identical cells).
Finding identical cells in module `\uart'.
Computing hashes of 3 cells of `\uart'.
Finding duplicate cells in `\uart'.
Finding identical cells in module `\uart_assertions'.
Computing hashes of 2 cells of `\uart_assertions'.
Finding duplicate cells in `\uart_assertions'.
Finding identical cells in module `\uart_formal'.
Computing hashes of 5 cells of `\uart_formal'.
Finding duplicate cells in `\uart_formal'.
Removed a total of 0 cells.

11.8. Executing OPT_DFF pass (perform DFF optimizations).

11.9. Executing OPT_CLEAN pass (remove unused cells and wires).
Finding unused cells or wires in module \uart..
Finding unused cells or wires in module \uart_assertions..
Finding unused cells or wires in module \uart_formal..

11.10. Finished fast OPT passes.

12. Executing OPT_CLEAN pass (remove unused cells and wires).
Finding unused cells or wires in module \uart..
Finding unused cells or wires in module \uart_assertions..
Finding unused cells or wires in module \uart_formal..

13. Executing RTLIL backend.
Output filename: ../model/design_prep.il

Warnings: 3 unique messages, 3 total
End of script. Logfile hash: f88684d1df, time: 0.01s, user: 0.01s, system: 0.00s, MEM: 12.11 MB peak
Yosys 0.66 (git sha1 7f8fdfd8d7bc08c749a2a969388d3425d4f369d5, clang++ 17.0.0 -fPIC -O3)
Time spent: 20% 1x setundef (0 sec), 15% 5x opt_clean (0 sec), ...
