
 /----------------------------------------------------------------------------\
 |  yosys -- Yosys Open SYnthesis Suite                                       |
 |  Copyright (C) 2012 - 2026  Claire Xenia Wolf <claire@yosyshq.com>         |
 |  Distributed under an ISC-like license, type "license" to see terms        |
 \----------------------------------------------------------------------------/
 Yosys 0.66 (git sha1 7f8fdfd8d7bc08c749a2a969388d3425d4f369d5, clang++ 17.0.0 -fPIC -O3)

-- Executing script file `../model/design.ys' --

1. Executing Verilog-2005 frontend: axi_lite.sv
Parsing formal SystemVerilog input from `axi_lite.sv' to AST representation.
Storing AST representation for module `$abstract\axi_lite'.
Successfully finished Verilog frontend.

2. Executing Verilog-2005 frontend: axi_lite_assertions.sv
Parsing formal SystemVerilog input from `axi_lite_assertions.sv' to AST representation.
Storing AST representation for module `$abstract\axi_lite_assertions'.
Successfully finished Verilog frontend.

3. Executing Verilog-2005 frontend: axi_lite_formal.sv
Parsing formal SystemVerilog input from `axi_lite_formal.sv' to AST representation.
Storing AST representation for module `$abstract\axi_lite_formal'.
Successfully finished Verilog frontend.

4. Executing PREP pass.

4.1. Executing HIERARCHY pass (managing design hierarchy).

4.2. Executing AST frontend in derive mode using pre-parsed AST for module `\axi_lite_formal'.
Generating RTLIL representation for module `\axi_lite_formal'.

4.2.1. Analyzing design hierarchy..
Top module:  \axi_lite_formal

4.2.2. Executing AST frontend in derive mode using pre-parsed AST for module `\axi_lite_assertions'.
Generating RTLIL representation for module `\axi_lite_assertions'.

4.2.3. Executing AST frontend in derive mode using pre-parsed AST for module `\axi_lite'.
Generating RTLIL representation for module `\axi_lite'.

4.2.4. Analyzing design hierarchy..
Top module:  \axi_lite_formal
Used module:     \axi_lite_assertions
Used module:     \axi_lite

4.2.5. Analyzing design hierarchy..
Top module:  \axi_lite_formal
Used module:     \axi_lite_assertions
Used module:     \axi_lite
Removing unused module `$abstract\axi_lite_formal'.
Removing unused module `$abstract\axi_lite_assertions'.
Removing unused module `$abstract\axi_lite'.
Removed 3 unused modules.
Module axi_lite_assertions directly or indirectly contains formal properties -> setting "keep" attribute.
Module axi_lite_formal directly or indirectly contains formal properties -> setting "keep" attribute.

4.3. Executing PROC pass (convert processes to netlists).

4.3.1. Executing PROC_CLEAN pass (remove empty switches from decision trees).
Cleaned up 0 empty switches.

4.3.2. Executing PROC_RMDEAD pass (remove dead branches from decision trees).
Marked 1 switch rules as full_case in process $proc$axi_lite.sv:9$5 in module axi_lite.
Removed a total of 0 dead cases.

4.3.3. Executing PROC_PRUNE pass (remove redundant assignments in processes).
Removed 1 redundant assignment.
Promoted 1 assignment to connection.

4.3.4. Executing PROC_INIT pass (extract init attributes).

4.3.5. Executing PROC_ARST pass (detect async resets in processes).

4.3.6. Executing PROC_ROM pass (convert switches to ROMs).
Converted 0 switches.
<suppressed ~2 debug messages>

4.3.7. Executing PROC_MUX pass (convert decision trees to multiplexers).
Creating decoders for process `\axi_lite.$proc$axi_lite.sv:9$5'.
     1/1: $0\ready[0:0]
Creating decoders for process `\axi_lite_assertions.$proc$axi_lite_assertions.sv:9$1'.

4.3.8. Executing PROC_DLATCH pass (convert process syncs to latches).

4.3.9. Executing PROC_DFF pass (convert process syncs to FFs).
Creating register for signal `\axi_lite.\ready' using process `\axi_lite.$proc$axi_lite.sv:9$5'.
  created $dff cell `$procdff$11' with positive edge clock.

4.3.10. Executing PROC_MEMWR pass (convert process memory writes to cells).

4.3.11. Executing PROC_CLEAN pass (remove empty switches from decision trees).
Found and cleaned up 2 empty switches in `\axi_lite.$proc$axi_lite.sv:9$5'.
Removing empty process `axi_lite.$proc$axi_lite.sv:9$5'.
Removing empty process `axi_lite_assertions.$proc$axi_lite_assertions.sv:9$1'.
Cleaned up 2 empty switches.

4.3.12. Executing OPT_EXPR pass (perform const folding).
Optimizing module axi_lite.
Optimizing module axi_lite_assertions.
<suppressed ~1 debug messages>
Optimizing module axi_lite_formal.

4.4. Executing FUTURE pass.

4.5. Executing OPT_EXPR pass (perform const folding).
Optimizing module axi_lite.
Optimizing module axi_lite_assertions.
Optimizing module axi_lite_formal.

4.6. Executing OPT_CLEAN pass (remove unused cells and wires).
Finding unused cells or wires in module \axi_lite..
Finding unused cells or wires in module \axi_lite_assertions..
Finding unused cells or wires in module \axi_lite_formal..
Removed 0 unused cells and 5 unused wires.
<suppressed ~2 debug messages>

4.7. Executing CHECK pass (checking for obvious problems).
Checking module axi_lite...
Checking module axi_lite_assertions...
Checking module axi_lite_formal...
Warning: Wire axi_lite_formal.\clk is used but has no driver.
Warning: Wire axi_lite_formal.\reset is used but has no driver.
Warning: Wire axi_lite_formal.\valid is used but has no driver.
Found and reported 3 problems.

4.8. Executing OPT pass (performing simple optimizations).

4.8.1. Executing OPT_EXPR pass (perform const folding).
Optimizing module axi_lite.
Optimizing module axi_lite_assertions.
Optimizing module axi_lite_formal.

4.8.2. Executing OPT_MERGE pass (detect identical cells).
Finding identical cells in module `\axi_lite'.
Computing hashes of 3 cells of `\axi_lite'.
Finding duplicate cells in `\axi_lite'.
Finding identical cells in module `\axi_lite_assertions'.
Computing hashes of 1 cells of `\axi_lite_assertions'.
Finding duplicate cells in `\axi_lite_assertions'.
Finding identical cells in module `\axi_lite_formal'.
Computing hashes of 2 cells of `\axi_lite_formal'.
Finding duplicate cells in `\axi_lite_formal'.
Removed a total of 0 cells.

4.8.3. Executing OPT_MUXTREE pass (detect dead branches in mux trees).
Running muxtree optimizer on module \axi_lite..
  Creating internal representation of mux trees.
  Evaluating internal representation of mux trees.
  Analyzing evaluation results.
Running muxtree optimizer on module \axi_lite_assertions..
  Creating internal representation of mux trees.
  No muxes found in this module.
Running muxtree optimizer on module \axi_lite_formal..
  Creating internal representation of mux trees.
  No muxes found in this module.
Removed 0 multiplexer ports.
<suppressed ~3 debug messages>

4.8.4. Executing OPT_REDUCE pass (consolidate $*mux and $reduce_* inputs).
  Optimizing cells in module \axi_lite.
  Optimizing cells in module \axi_lite_assertions.
  Optimizing cells in module \axi_lite_formal.
Performed a total of 0 changes.

4.8.5. Executing OPT_MERGE pass (detect identical cells).
Finding identical cells in module `\axi_lite'.
Computing hashes of 3 cells of `\axi_lite'.
Finding duplicate cells in `\axi_lite'.
Finding identical cells in module `\axi_lite_assertions'.
Computing hashes of 1 cells of `\axi_lite_assertions'.
Finding duplicate cells in `\axi_lite_assertions'.
Finding identical cells in module `\axi_lite_formal'.
Computing hashes of 2 cells of `\axi_lite_formal'.
Finding duplicate cells in `\axi_lite_formal'.
Removed a total of 0 cells.

4.8.6. Executing OPT_CLEAN pass (remove unused cells and wires).
Finding unused cells or wires in module \axi_lite..
Finding unused cells or wires in module \axi_lite_assertions..
Finding unused cells or wires in module \axi_lite_formal..

4.8.7. Executing OPT_EXPR pass (perform const folding).
Optimizing module axi_lite.
Optimizing module axi_lite_assertions.
Optimizing module axi_lite_formal.

4.8.8. Finished fast OPT passes. (There is nothing left to do.)

4.9. Executing WREDUCE pass (reducing word size of cells).

4.10. Executing OPT_CLEAN pass (remove unused cells and wires).
Finding unused cells or wires in module \axi_lite..
Finding unused cells or wires in module \axi_lite_assertions..
Finding unused cells or wires in module \axi_lite_formal..

4.11. Executing MEMORY_COLLECT pass (generating $mem cells).

4.12. Executing OPT pass (performing simple optimizations).

4.12.1. Executing OPT_EXPR pass (perform const folding).
Optimizing module axi_lite.
Optimizing module axi_lite_assertions.
Optimizing module axi_lite_formal.

4.12.2. Executing OPT_MERGE pass (detect identical cells).
Finding identical cells in module `\axi_lite'.
Computing hashes of 3 cells of `\axi_lite'.
Finding duplicate cells in `\axi_lite'.
Finding identical cells in module `\axi_lite_assertions'.
Computing hashes of 1 cells of `\axi_lite_assertions'.
Finding duplicate cells in `\axi_lite_assertions'.
Finding identical cells in module `\axi_lite_formal'.
Computing hashes of 2 cells of `\axi_lite_formal'.
Finding duplicate cells in `\axi_lite_formal'.
Removed a total of 0 cells.

4.12.3. Executing OPT_CLEAN pass (remove unused cells and wires).
Finding unused cells or wires in module \axi_lite..
Finding unused cells or wires in module \axi_lite_assertions..
Finding unused cells or wires in module \axi_lite_formal..

4.12.4. Finished fast OPT passes.

4.13. Executing SORT pass.

4.14. Printing statistics.

=== axi_lite ===

        +----------Local Count, excluding submodules.
        | 
        6 wires
        6 wire bits
        4 public wires
        4 public wire bits
        4 ports
        4 port bits
        3 cells
        1   $dff
        2   $mux

=== axi_lite_assertions ===

        +----------Local Count, excluding submodules.
        | 
        4 wires
        4 wire bits
        4 public wires
        4 public wire bits
        4 ports
        4 port bits
        1 cells
        1   $check

=== axi_lite_formal ===

        +----------Local Count, excluding submodules.
        | 
        4 wires
        4 wire bits
        4 public wires
        4 public wire bits
        2 submodules
        1   axi_lite
        1   axi_lite_assertions

=== design hierarchy ===

        +----------Count including submodules.
        | 
        4 axi_lite_formal
        3 axi_lite
        1 axi_lite_assertions

        +----------Count including submodules.
        | 
       14 wires
       14 wire bits
       12 public wires
       12 public wire bits
        8 ports
        8 port bits
        - memories
        - memory bits
        - processes
        4 cells
        1   $check
        1   $dff
        2   $mux
        2 submodules
        1   axi_lite
        1   axi_lite_assertions

4.15. Executing CHECK pass (checking for obvious problems).
Checking module axi_lite...
Checking module axi_lite_assertions...
Checking module axi_lite_formal...
Warning: Wire axi_lite_formal.\valid is used but has no driver.
Warning: Wire axi_lite_formal.\reset is used but has no driver.
Warning: Wire axi_lite_formal.\clk is used but has no driver.
Found and reported 3 problems.

5. Executing HIERARCHY pass (managing design hierarchy).
Attribute `top' found on module `axi_lite_formal'. Setting top module to axi_lite_formal.

5.1. Analyzing design hierarchy..
Top module:  \axi_lite_formal
Used module:     \axi_lite
Used module:     \axi_lite_assertions

5.2. Analyzing design hierarchy..
Top module:  \axi_lite_formal
Used module:     \axi_lite
Used module:     \axi_lite_assertions
Removed 0 unused modules.
Module axi_lite_assertions directly or indirectly contains formal properties -> setting "keep" attribute.
Module axi_lite_formal directly or indirectly contains formal properties -> setting "keep" attribute.

6. Executing jny backend.

7. Executing RTLIL backend.
Output filename: ../model/design.il

Warnings: 3 unique messages, 6 total
End of script. Logfile hash: d54fbab062, time: 0.03s, user: 0.01s, system: 0.01s, MEM: 13.27 MB peak
Yosys 0.66 (git sha1 7f8fdfd8d7bc08c749a2a969388d3425d4f369d5, clang++ 17.0.0 -fPIC -O3)
Time spent: 22% 6x read_verilog (0 sec), 17% 2x hierarchy (0 sec), ...
